Arguments: 
  C:\Program Files\nodejs\node.exe C:\Users\Nico Ignacio\AppData\Roaming\npm\node_modules\yarn\bin\yarn.js init

PATH: 
  C:\Program Files\Git\mingw64\bin;C:\Program Files\Git\usr\bin;C:\Users\Nico Ignacio\bin;C:\Program Files (x86)\Intel\iCLS Client;C:\ProgramData\Oracle\Java\javapath;C:\Program Files\Intel\iCLS Client;C:\WINDOWS\system32;C:\WINDOWS;C:\WINDOWS\System32\Wbem;C:\WINDOWS\System32\WindowsPowerShell\v1.0;C:\Program Files (x86)\GtkSharp\2.12\bin;C:\Program Files (x86)\Windows Live\Shared;C:\Program Files (x86)\CodeBlocks\share\CodeBlocks\compilers\bin;C:\TDM-GCC-64\bin;C:\WINDOWS\System32\OpenSSH;C:\Program Files (x86)\Intel\Intel(R) Management Engine Components\DAL;C:\Program Files\Intel\Intel(R) Management Engine Components\DAL;C:\Program Files\Microsoft SQL Server\130\Tools\Binn;C:\Program Files\nodejs;C:\Program Files\Git\cmd;C:\Program Files\dotnet;C:\Program Files\Microsoft SQL Server\Client SDK\ODBC\170\Tools\Binn;C:\Program Files\MySQL\MySQL Shell 8.0\bin;C:\Users\Nico Ignacio\Anaconda3;C:\Users\Nico Ignacio\Anaconda3\Library\mingw-w64\bin;C:\Users\Nico Ignacio\Anaconda3\Library\usr\bin;C:\Users\Nico Ignacio\Anaconda3\Library\bin;C:\Users\Nico Ignacio\Anaconda3\Scripts;C:\Users\Nico Ignacio\AppData\Local\Microsoft\WindowsApps;C:\Users\Nico Ignacio\AppData\Local\Programs\Microsoft VS Code\bin;C:\Users\Nico Ignacio\AppData\Local\GitHubDesktop\bin;C:\Users\Nico Ignacio\AppData\Roaming\npm;C:\Users\Nico Ignacio\AppData\Local\hyper\app-3.0.2\resources\bin;C:\Users\Nico Ignacio\.dotnet\tools;C:\Program Files\heroku\bin

Yarn version: 
  1.22.10

Node version: 
  12.16.2

Platform: 
  win32 x64

Trace: 
  Error: canceled
      at Interface.<anonymous> (C:\Users\Nico Ignacio\AppData\Roaming\npm\node_modules\yarn\lib\cli.js:136216:13)
      at Interface.emit (events.js:310:20)
      at Interface._ttyWrite (readline.js:893:16)
      at ReadStream.onkeypress (readline.js:198:10)
      at ReadStream.emit (events.js:310:20)
      at emitKeys (internal/readline/utils.js:438:14)
      at emitKeys.next (<anonymous>)
      at ReadStream.onData (readline.js:1160:36)
      at ReadStream.emit (events.js:310:20)
      at addChunk (_stream_readable.js:286:12)

npm manifest: 
  No manifest

yarn manifest: 
  No manifest

Lockfile: 
  # THIS IS AN AUTOGENERATED FILE. DO NOT EDIT THIS FILE DIRECTLY.
  # yarn lockfile v1
